<?xml version="1.0" encoding="UTF-8"?>
<!-- Generated by org.testng.reporters.JUnitReportReporter -->
<testsuite hostname="DESKTOP-PL2KKMG" failures="0" tests="2" name="com.test.Login" time="16.719" errors="0" timestamp="2020-07-20T20:04:49 IST" skipped="0">
  <testcase classname="com.test.Login" name="login" time="7.757"/>
  <testcase classname="com.test.Login" name="googleLogo" time="8.962"/>
</testsuite> <!-- com.test.Login -->
